measure1: 1420
measure1: 1421
measure1: 1424
measure1: 20
measure1: 1391
measure1: 1424
measure1: 1064
measure2: 1019
average: 1041.5
measure1: 1041
measure2: 19
average: 530.0
measure1: 13
measure2: 2213
average: 1113.0
measure1: 969
measure2: 1104
average: 1036.5
measure1: 1037
measure2: 1039
average: 1038.0
measure1: 1040
measure2: 1040
average: 1040.0
measure1: 1041
measure2: 1041
average: 1041.0
measure1: 1041
measure2: 1042
average: 1041.5
measure1: 1042
measure2: 1042
average: 1042.0
measure1: 1043
measure2: 1044
average: 1043.5
measure1: 1043
measure2: 1044
average: 1043.5
measure1: 1043
measure2: 1044
average: 1043.5
measure1: 1044
measure2: 1045
average: 1044.5
measure1: 1045
measure2: 1045
average: 1045.0
measure1: 1045
measure2: 1045
average: 1045.0
measure1: 1045
measure2: 1045
average: 1045.0
measure1: 1046
measure2: 1046
average: 1046.0
measure1: 1045
measure2: 1046
average: 1045.5
measure1: 1046
measure2: 1047
average: 1046.5
measure1: 1047
measure2: 1046
average: 1046.5
measure1: 1047
measure2: 1047
average: 1047.0
